[09:45:01] [main/INFO]: ModLauncher running: args [--username, dixieland_, --version, forge-40.1.0, --gameDir, C:\Users\matth\curseforge\minecraft\Instances\powdercraft (1), --assetsDir, C:\Users\matth\curseforge\minecraft\Install\assets, --assetIndex, 1.18, --uuid, 753f26efc96448dca91952db6974aa80, --accessToken, ????????, --clientId, ODk2ZWFlYzEtNThmMS00NTg0LWIzZTQtZjFiNDc4YWVmNDM3, --xuid, 2535462406255551, --userType, msa, --versionType, release, --width, 1024, --height, 768, --launchTarget, forgeclient, --fml.forgeVersion, 40.1.0, --fml.mcVersion, 1.18.2, --fml.forgeGroup, net.minecraftforge, --fml.mcpVersion, 20220404.173914]
[09:45:01] [main/INFO]: ModLauncher 9.1.3+9.1.3+main.9b69c82a starting: java version 17.0.1 by Microsoft
[09:45:01] [main/INFO]: SpongePowered MIXIN Subsystem Version=0.8.5 Source=union:/C:/Users/matth/curseforge/minecraft/Install/libraries/org/spongepowered/mixin/0.8.5/mixin-0.8.5.jar%2314!/ Service=ModLauncher Env=CLIENT
[09:45:02] [main/INFO]: Found mod file AdditionalEnchantedMiner-1.18.2-18.12.jar of type MOD with locator {mods folder locator at C:\Users\matth\curseforge\minecraft\Instances\powdercraft (1)\mods}
[09:45:02] [main/INFO]: Found mod file advancedperipherals-1.18.2-0.7.15b.jar of type MOD with locator {mods folder locator at C:\Users\matth\curseforge\minecraft\Instances\powdercraft (1)\mods}
[09:45:02] [main/INFO]: Found mod file alexsmobs-1.18.3.jar of type MOD with locator {mods folder locator at C:\Users\matth\curseforge\minecraft\Instances\powdercraft (1)\mods}
[09:45:02] [main/INFO]: Found mod file alloyed-1.18.2-v1.3d.jar of type MOD with locator {mods folder locator at C:\Users\matth\curseforge\minecraft\Instances\powdercraft (1)\mods}
[09:45:02] [main/INFO]: Found mod file Apotheosis-1.18.2-5.3.5.jar of type MOD with locator {mods folder locator at C:\Users\matth\curseforge\minecraft\Instances\powdercraft (1)\mods}
[09:45:02] [main/INFO]: Found mod file appleskin-forge-mc1.18-2.4.0.jar of type MOD with locator {mods folder locator at C:\Users\matth\curseforge\minecraft\Instances\powdercraft (1)\mods}
[09:45:02] [main/INFO]: Found mod file architectury-4.4.70.jar of type MOD with locator {mods folder locator at C:\Users\matth\curseforge\minecraft\Instances\powdercraft (1)\mods}
[09:45:02] [main/INFO]: Found mod file ars_nouveau-1.18.2-2.5.0.jar of type MOD with locator {mods folder locator at C:\Users\matth\curseforge\minecraft\Instances\powdercraft (1)\mods}
[09:45:02] [main/INFO]: Found mod file artifacts-1.18.2-4.0.7.jar of type MOD with locator {mods folder locator at C:\Users\matth\curseforge\minecraft\Instances\powdercraft (1)\mods}
[09:45:02] [main/INFO]: Found mod file AutoRegLib-1.7-53.jar of type MOD with locator {mods folder locator at C:\Users\matth\curseforge\minecraft\Instances\powdercraft (1)\mods}
[09:45:02] [main/INFO]: Found mod file balm-3.0.3+0.jar of type MOD with locator {mods folder locator at C:\Users\matth\curseforge\minecraft\Instances\powdercraft (1)\mods}
[09:45:02] [main/INFO]: Found mod file baubley-heart-canisters-1.18.2-1.0.0.jar of type MOD with locator {mods folder locator at C:\Users\matth\curseforge\minecraft\Instances\powdercraft (1)\mods}
[09:45:02] [main/INFO]: Found mod file blockui-1.18.2-0.0.47-ALPHA.jar of type MOD with locator {mods folder locator at C:\Users\matth\curseforge\minecraft\Instances\powdercraft (1)\mods}
[09:45:02] [main/INFO]: Found mod file bonsaitrees3-3.1.0.jar of type MOD with locator {mods folder locator at C:\Users\matth\curseforge\minecraft\Instances\powdercraft (1)\mods}
[09:45:02] [main/INFO]: Found mod file Bookshelf-Forge-1.18.2-13.2.20.jar of type MOD with locator {mods folder locator at C:\Users\matth\curseforge\minecraft\Instances\powdercraft (1)\mods}
[09:45:02] [main/INFO]: Found mod file Botania-1.18.2-433.jar of type MOD with locator {mods folder locator at C:\Users\matth\curseforge\minecraft\Instances\powdercraft (1)\mods}
[09:45:02] [main/INFO]: Found mod file BotanicalMachinery-1.18.2-1.0.1.jar of type MOD with locator {mods folder locator at C:\Users\matth\curseforge\minecraft\Instances\powdercraft (1)\mods}
[09:45:02] [main/INFO]: Found mod file cc-tweaked-1.18.2-1.100.6.jar of type MOD with locator {mods folder locator at C:\Users\matth\curseforge\minecraft\Instances\powdercraft (1)\mods}
[09:45:02] [main/INFO]: Found mod file citadel-1.11.3-1.18.2.jar of type MOD with locator {mods folder locator at C:\Users\matth\curseforge\minecraft\Instances\powdercraft (1)\mods}
[09:45:02] [main/INFO]: Found mod file CodeChickenLib-1.18.2-4.1.0.461-universal.jar of type MOD with locator {mods folder locator at C:\Users\matth\curseforge\minecraft\Instances\powdercraft (1)\mods}
[09:45:02] [main/INFO]: Found mod file cofh_core-1.18.2-1.6.3.19.jar of type MOD with locator {mods folder locator at C:\Users\matth\curseforge\minecraft\Instances\powdercraft (1)\mods}
[09:45:02] [main/INFO]: Found mod file CommonCapabilities-1.18.2-2.8.2.jar of type MOD with locator {mods folder locator at C:\Users\matth\curseforge\minecraft\Instances\powdercraft (1)\mods}
[09:45:02] [main/INFO]: Found mod file compactmachines-4.3.0.jar of type MOD with locator {mods folder locator at C:\Users\matth\curseforge\minecraft\Instances\powdercraft (1)\mods}
[09:45:02] [main/INFO]: Found mod file compressedcreativity-1.18.2-0.0.11.jar of type MOD with locator {mods folder locator at C:\Users\matth\curseforge\minecraft\Instances\powdercraft (1)\mods}
[09:45:02] [main/INFO]: Found mod file cookingforblockheads-forge-1.18.2-12.0.1.jar of type MOD with locator {mods folder locator at C:\Users\matth\curseforge\minecraft\Instances\powdercraft (1)\mods}
[09:45:02] [main/INFO]: Found mod file corpse-1.18.2-1.0.1.jar of type MOD with locator {mods folder locator at C:\Users\matth\curseforge\minecraft\Instances\powdercraft (1)\mods}
[09:45:02] [main/INFO]: Found mod file CosmeticArmorReworked-1.18.2-v2.jar of type MOD with locator {mods folder locator at C:\Users\matth\curseforge\minecraft\Instances\powdercraft (1)\mods}
[09:45:02] [main/INFO]: Found mod file craftingtweaks-forge-1.18.1-14.0.2.jar of type MOD with locator {mods folder locator at C:\Users\matth\curseforge\minecraft\Instances\powdercraft (1)\mods}
[09:45:02] [main/INFO]: Found mod file create-chromaticreturn1.18.2_v1.1.jar of type MOD with locator {mods folder locator at C:\Users\matth\curseforge\minecraft\Instances\powdercraft (1)\mods}
[09:45:02] [main/INFO]: Found mod file create-confectionery1.18.2_v1.0.8.jar of type MOD with locator {mods folder locator at C:\Users\matth\curseforge\minecraft\Instances\powdercraft (1)\mods}
[09:45:02] [main/INFO]: Found mod file create-factory-1.18.2-v1.6.jar of type MOD with locator {mods folder locator at C:\Users\matth\curseforge\minecraft\Instances\powdercraft (1)\mods}
[09:45:02] [main/INFO]: Found mod file create-mc1.18.2_v0.4.1.jar of type MOD with locator {mods folder locator at C:\Users\matth\curseforge\minecraft\Instances\powdercraft (1)\mods}
[09:45:02] [main/INFO]: Found mod file create-stuff-additions1.18.2_v1.1.6.jar of type MOD with locator {mods folder locator at C:\Users\matth\curseforge\minecraft\Instances\powdercraft (1)\mods}
[09:45:02] [main/INFO]: Found mod file createaddition-1.18.2-20220517a.jar of type MOD with locator {mods folder locator at C:\Users\matth\curseforge\minecraft\Instances\powdercraft (1)\mods}
[09:45:02] [main/INFO]: Found mod file createcafe-1.4-1.18.2.jar of type MOD with locator {mods folder locator at C:\Users\matth\curseforge\minecraft\Instances\powdercraft (1)\mods}
[09:45:02] [main/INFO]: Found mod file createdeco-1.2.7-1.18.2.jar of type MOD with locator {mods folder locator at C:\Users\matth\curseforge\minecraft\Instances\powdercraft (1)\mods}
[09:45:02] [main/INFO]: Found mod file Cucumber-1.18.2-5.1.1.jar of type MOD with locator {mods folder locator at C:\Users\matth\curseforge\minecraft\Instances\powdercraft (1)\mods}
[09:45:02] [main/INFO]: Found mod file curios-forge-1.18.2-5.0.7.0.jar of type MOD with locator {mods folder locator at C:\Users\matth\curseforge\minecraft\Instances\powdercraft (1)\mods}
[09:45:02] [main/INFO]: Found mod file CyclopsCore-1.18.2-1.15.0.jar of type MOD with locator {mods folder locator at C:\Users\matth\curseforge\minecraft\Instances\powdercraft (1)\mods}
[09:45:02] [main/INFO]: Found mod file DarkUtilities-Forge-1.18.2-10.0.4.jar of type MOD with locator {mods folder locator at C:\Users\matth\curseforge\minecraft\Instances\powdercraft (1)\mods}
[09:45:02] [main/INFO]: Found mod file domum_ornamentum-1.18.2-1.0.50-ALPHA-universal.jar of type MOD with locator {mods folder locator at C:\Users\matth\curseforge\minecraft\Instances\powdercraft (1)\mods}
[09:45:02] [main/INFO]: Found mod file DrawersTooltip-1.18.2-forge-5.0.0.jar of type MOD with locator {mods folder locator at C:\Users\matth\curseforge\minecraft\Instances\powdercraft (1)\mods}
[09:45:02] [main/INFO]: Found mod file elevatorid-1.18.2-1.8.4.jar of type MOD with locator {mods folder locator at C:\Users\matth\curseforge\minecraft\Instances\powdercraft (1)\mods}
[09:45:02] [main/INFO]: Found mod file EnchantmentDescriptions-Forge-1.18.2-10.0.3.jar of type MOD with locator {mods folder locator at C:\Users\matth\curseforge\minecraft\Instances\powdercraft (1)\mods}
[09:45:02] [main/INFO]: Found mod file EnderStorage-1.18.2-2.9.0.177-universal.jar of type MOD with locator {mods folder locator at C:\Users\matth\curseforge\minecraft\Instances\powdercraft (1)\mods}
[09:45:02] [main/INFO]: Found mod file Enhanced_Celestials-forge-1.18.2-2.0.7.jar of type MOD with locator {mods folder locator at C:\Users\matth\curseforge\minecraft\Instances\powdercraft (1)\mods}
[09:45:02] [main/INFO]: Found mod file entangled-1.3.11-forge-mc1.18.jar of type MOD with locator {mods folder locator at C:\Users\matth\curseforge\minecraft\Instances\powdercraft (1)\mods}
[09:45:02] [main/INFO]: Found mod file expandability-6.0.0.jar of type MOD with locator {mods folder locator at C:\Users\matth\curseforge\minecraft\Instances\powdercraft (1)\mods}
[09:45:02] [main/INFO]: Found mod file ExtraDisks-1.18.2-2.1.0.jar of type MOD with locator {mods folder locator at C:\Users\matth\curseforge\minecraft\Instances\powdercraft (1)\mods}
[09:45:02] [main/INFO]: Found mod file ExtraStorage-1.18.2-2.1.0.jar of type MOD with locator {mods folder locator at C:\Users\matth\curseforge\minecraft\Instances\powdercraft (1)\mods}
[09:45:02] [main/INFO]: Found mod file ExtremeReactors2-1.18.2-2.0.45.jar of type MOD with locator {mods folder locator at C:\Users\matth\curseforge\minecraft\Instances\powdercraft (1)\mods}
[09:45:02] [main/INFO]: Found mod file flywheel-forge-1.18-0.6.2.jar of type MOD with locator {mods folder locator at C:\Users\matth\curseforge\minecraft\Instances\powdercraft (1)\mods}
[09:45:02] [main/INFO]: Found mod file forbidden_arcanus-1.18.2-2.0.0.jar of type MOD with locator {mods folder locator at C:\Users\matth\curseforge\minecraft\Instances\powdercraft (1)\mods}
[09:45:02] [main/INFO]: Found mod file ftb-chunks-forge-1802.3.6-build.147.jar of type MOD with locator {mods folder locator at C:\Users\matth\curseforge\minecraft\Instances\powdercraft (1)\mods}
[09:45:02] [main/INFO]: Found mod file ftb-essentials-1802.1.7-build.42.jar of type MOD with locator {mods folder locator at C:\Users\matth\curseforge\minecraft\Instances\powdercraft (1)\mods}
[09:45:02] [main/INFO]: Found mod file ftb-library-forge-1802.3.6-build.123.jar of type MOD with locator {mods folder locator at C:\Users\matth\curseforge\minecraft\Instances\powdercraft (1)\mods}
[09:45:02] [main/INFO]: Found mod file ftb-teams-forge-1802.2.6-build.51.jar of type MOD with locator {mods folder locator at C:\Users\matth\curseforge\minecraft\Instances\powdercraft (1)\mods}
[09:45:02] [main/INFO]: Found mod file ftb-ultimine-forge-1802.3.3-build.55.jar of type MOD with locator {mods folder locator at C:\Users\matth\curseforge\minecraft\Instances\powdercraft (1)\mods}
[09:45:02] [main/INFO]: Found mod file geckolib-forge-1.18-3.0.24.jar of type MOD with locator {mods folder locator at C:\Users\matth\curseforge\minecraft\Instances\powdercraft (1)\mods}
[09:45:02] [main/INFO]: Found mod file GodlyVampirism-1.18.1-1.0.4.jar of type MOD with locator {mods folder locator at C:\Users\matth\curseforge\minecraft\Instances\powdercraft (1)\mods}
[09:45:02] [main/INFO]: Found mod file ImmersiveEngineering-1.18.2-8.0.2-149.jar of type MOD with locator {mods folder locator at C:\Users\matth\curseforge\minecraft\Instances\powdercraft (1)\mods}
[09:45:02] [main/INFO]: Found mod file industrial-foregoing-1.18.2-3.3.1.1-3.jar of type MOD with locator {mods folder locator at C:\Users\matth\curseforge\minecraft\Instances\powdercraft (1)\mods}
[09:45:02] [main/INFO]: Found mod file IntegratedDynamics-1.18.2-1.11.1.jar of type MOD with locator {mods folder locator at C:\Users\matth\curseforge\minecraft\Instances\powdercraft (1)\mods}
[09:45:02] [main/INFO]: Found mod file ironfurnaces-1.18.2-3.3.1.jar of type MOD with locator {mods folder locator at C:\Users\matth\curseforge\minecraft\Instances\powdercraft (1)\mods}
[09:45:02] [main/INFO]: Found mod file item-filters-forge-1802.2.7-build.27.jar of type MOD with locator {mods folder locator at C:\Users\matth\curseforge\minecraft\Instances\powdercraft (1)\mods}
[09:45:02] [main/INFO]: Found mod file jeed-1.18.2-1.11.jar of type MOD with locator {mods folder locator at C:\Users\matth\curseforge\minecraft\Instances\powdercraft (1)\mods}
[09:45:02] [main/INFO]: Found mod file jei-1.18.2-9.5.5.174.jar of type MOD with locator {mods folder locator at C:\Users\matth\curseforge\minecraft\Instances\powdercraft (1)\mods}
[09:45:02] [main/INFO]: Found mod file journeymap-1.18.2-5.8.5-forge.jar of type MOD with locator {mods folder locator at C:\Users\matth\curseforge\minecraft\Instances\powdercraft (1)\mods}
[09:45:02] [main/INFO]: Found mod file JustEnoughProfessions-1.18.2-1.2.2.jar of type MOD with locator {mods folder locator at C:\Users\matth\curseforge\minecraft\Instances\powdercraft (1)\mods}
[09:45:02] [main/INFO]: Found mod file JustEnoughResources-1.18.2-0.14.1.170.jar of type MOD with locator {mods folder locator at C:\Users\matth\curseforge\minecraft\Instances\powdercraft (1)\mods}
[09:45:02] [main/INFO]: Found mod file libnonymous-2.1.0.jar of type MOD with locator {mods folder locator at C:\Users\matth\curseforge\minecraft\Instances\powdercraft (1)\mods}
[09:45:02] [main/INFO]: Found mod file LibX-1.18.2-3.2.15.jar of type MOD with locator {mods folder locator at C:\Users\matth\curseforge\minecraft\Instances\powdercraft (1)\mods}
[09:45:02] [main/INFO]: Found mod file lootr-1.18.2-0.2.17.54.jar of type MOD with locator {mods folder locator at C:\Users\matth\curseforge\minecraft\Instances\powdercraft (1)\mods}
[09:45:02] [main/INFO]: Found mod file mcjtylib-1.18-6.0.15.jar of type MOD with locator {mods folder locator at C:\Users\matth\curseforge\minecraft\Instances\powdercraft (1)\mods}
[09:45:02] [main/INFO]: Found mod file Mekanism-1.18.2-10.2.3.463.jar of type MOD with locator {mods folder locator at C:\Users\matth\curseforge\minecraft\Instances\powdercraft (1)\mods}
[09:45:02] [main/INFO]: Found mod file MekanismAdditions-1.18.2-10.2.3.463.jar of type MOD with locator {mods folder locator at C:\Users\matth\curseforge\minecraft\Instances\powdercraft (1)\mods}
[09:45:02] [main/INFO]: Found mod file MekanismGenerators-1.18.2-10.2.3.463.jar of type MOD with locator {mods folder locator at C:\Users\matth\curseforge\minecraft\Instances\powdercraft (1)\mods}
[09:45:02] [main/INFO]: Found mod file MekanismTools-1.18.2-10.2.3.463.jar of type MOD with locator {mods folder locator at C:\Users\matth\curseforge\minecraft\Instances\powdercraft (1)\mods}
[09:45:02] [main/INFO]: Found mod file minecolonies-1.18.2-1.0.737-RELEASE.jar of type MOD with locator {mods folder locator at C:\Users\matth\curseforge\minecraft\Instances\powdercraft (1)\mods}
[09:45:02] [main/INFO]: Found mod file mininggadgets-1.11.0.jar of type MOD with locator {mods folder locator at C:\Users\matth\curseforge\minecraft\Instances\powdercraft (1)\mods}
[09:45:02] [main/INFO]: Found mod file modnametooltip-1.18.1-1.18.0.jar of type MOD with locator {mods folder locator at C:\Users\matth\curseforge\minecraft\Instances\powdercraft (1)\mods}
[09:45:02] [main/INFO]: Found mod file Morph-o-Tool-1.5-32.jar of type MOD with locator {mods folder locator at C:\Users\matth\curseforge\minecraft\Instances\powdercraft (1)\mods}
[09:45:02] [main/INFO]: Found mod file multi-piston-1.18.2-1.2.7-ALPHA.jar of type MOD with locator {mods folder locator at C:\Users\matth\curseforge\minecraft\Instances\powdercraft (1)\mods}
[09:45:02] [main/INFO]: Found mod file MysticalAgradditions-1.18.2-5.1.1.jar of type MOD with locator {mods folder locator at C:\Users\matth\curseforge\minecraft\Instances\powdercraft (1)\mods}
[09:45:02] [main/INFO]: Found mod file MysticalAgriculture-1.18.2-5.1.0.jar of type MOD with locator {mods folder locator at C:\Users\matth\curseforge\minecraft\Instances\powdercraft (1)\mods}
[09:45:02] [main/INFO]: Found mod file MysticalCustomization-1.18.2-3.1.1.jar of type MOD with locator {mods folder locator at C:\Users\matth\curseforge\minecraft\Instances\powdercraft (1)\mods}
[09:45:02] [main/INFO]: Found mod file MythicBotany-1.18.2-2.1.7.jar of type MOD with locator {mods folder locator at C:\Users\matth\curseforge\minecraft\Instances\powdercraft (1)\mods}
[09:45:02] [main/INFO]: Found mod file NaturesCompass-1.18.2-1.9.5-forge.jar of type MOD with locator {mods folder locator at C:\Users\matth\curseforge\minecraft\Instances\powdercraft (1)\mods}
[09:45:02] [main/INFO]: Found mod file Neat 1.8-30.jar of type MOD with locator {mods folder locator at C:\Users\matth\curseforge\minecraft\Instances\powdercraft (1)\mods}
[09:45:02] [main/INFO]: Found mod file Oh_The_Biomes_You'll_Go-forge-1.18.2-1.4.1.jar of type MOD with locator {mods folder locator at C:\Users\matth\curseforge\minecraft\Instances\powdercraft (1)\mods}
[09:45:02] [main/INFO]: Found mod file Patchouli-1.18.2-69.jar of type MOD with locator {mods folder locator at C:\Users\matth\curseforge\minecraft\Instances\powdercraft (1)\mods}
[09:45:02] [main/INFO]: Found mod file PigPen-Forge-1.18.2-8.0.1.jar of type MOD with locator {mods folder locator at C:\Users\matth\curseforge\minecraft\Instances\powdercraft (1)\mods}
[09:45:02] [main/INFO]: Found mod file pipez-1.18.2-1.1.5.jar of type MOD with locator {mods folder locator at C:\Users\matth\curseforge\minecraft\Instances\powdercraft (1)\mods}
[09:45:02] [main/INFO]: Found mod file Placebo-1.18.2-6.4.0.jar of type MOD with locator {mods folder locator at C:\Users\matth\curseforge\minecraft\Instances\powdercraft (1)\mods}
[09:45:02] [main/INFO]: Found mod file platforms-1.18-1.9.4.jar of type MOD with locator {mods folder locator at C:\Users\matth\curseforge\minecraft\Instances\powdercraft (1)\mods}
[09:45:02] [main/INFO]: Found mod file pneumaticcraft-repressurized-1.18.2-3.2.4-93.jar of type MOD with locator {mods folder locator at C:\Users\matth\curseforge\minecraft\Instances\powdercraft (1)\mods}
[09:45:02] [main/INFO]: Found mod file refinedstorage-1.10.2.jar of type MOD with locator {mods folder locator at C:\Users\matth\curseforge\minecraft\Instances\powdercraft (1)\mods}
[09:45:02] [main/INFO]: Found mod file refinedstorageaddons-0.8.2.jar of type MOD with locator {mods folder locator at C:\Users\matth\curseforge\minecraft\Instances\powdercraft (1)\mods}
[09:45:02] [main/INFO]: Found mod file rftoolsbase-1.18-3.0.9.jar of type MOD with locator {mods folder locator at C:\Users\matth\curseforge\minecraft\Instances\powdercraft (1)\mods}
[09:45:02] [main/INFO]: Found mod file rftoolscontrol-1.18-5.0.6.jar of type MOD with locator {mods folder locator at C:\Users\matth\curseforge\minecraft\Instances\powdercraft (1)\mods}
[09:45:02] [main/INFO]: Found mod file rftoolsstorage-1.18-3.0.8.jar of type MOD with locator {mods folder locator at C:\Users\matth\curseforge\minecraft\Instances\powdercraft (1)\mods}
[09:45:02] [main/INFO]: Found mod file rftoolsutility-1.18-4.0.16.jar of type MOD with locator {mods folder locator at C:\Users\matth\curseforge\minecraft\Instances\powdercraft (1)\mods}
[09:45:02] [main/INFO]: Found mod file RSInfinityBooster-1.18.2-2.1+16.jar of type MOD with locator {mods folder locator at C:\Users\matth\curseforge\minecraft\Instances\powdercraft (1)\mods}
[09:45:02] [main/INFO]: Found mod file rsrequestify-2.2.0.jar of type MOD with locator {mods folder locator at C:\Users\matth\curseforge\minecraft\Instances\powdercraft (1)\mods}
[09:45:02] [main/INFO]: Found mod file Runelic-Forge-1.18.2-11.0.1.jar of type MOD with locator {mods folder locator at C:\Users\matth\curseforge\minecraft\Instances\powdercraft (1)\mods}
[09:45:02] [main/INFO]: Found mod file ScalableCatsForce-2.13.8-build-4-with-library.jar of type LANGPROVIDER with locator {mods folder locator at C:\Users\matth\curseforge\minecraft\Instances\powdercraft (1)\mods}
[09:45:02] [main/INFO]: Found mod file selene-1.18.2-1.17.5.jar of type MOD with locator {mods folder locator at C:\Users\matth\curseforge\minecraft\Instances\powdercraft (1)\mods}
[09:45:02] [main/INFO]: Found mod file shetiphiancore-1.18-3.10.9.jar of type MOD with locator {mods folder locator at C:\Users\matth\curseforge\minecraft\Instances\powdercraft (1)\mods}
[09:45:02] [main/INFO]: Found mod file sophisticatedbackpacks-1.18.2-3.17.4.592.jar of type MOD with locator {mods folder locator at C:\Users\matth\curseforge\minecraft\Instances\powdercraft (1)\mods}
[09:45:02] [main/INFO]: Found mod file sophisticatedcore-1.18.2-0.3.1.39.jar of type MOD with locator {mods folder locator at C:\Users\matth\curseforge\minecraft\Instances\powdercraft (1)\mods}
[09:45:02] [main/INFO]: Found mod file steampowered-1.18.2-2.0.3-alpha.jar of type MOD with locator {mods folder locator at C:\Users\matth\curseforge\minecraft\Instances\powdercraft (1)\mods}
[09:45:02] [main/INFO]: Found mod file StorageDrawers-1.18.2-10.2.1.jar of type MOD with locator {mods folder locator at C:\Users\matth\curseforge\minecraft\Instances\powdercraft (1)\mods}
[09:45:02] [main/INFO]: Found mod file structure_gel-1.18.2-2.4.1.jar of type MOD with locator {mods folder locator at C:\Users\matth\curseforge\minecraft\Instances\powdercraft (1)\mods}
[09:45:02] [main/INFO]: Found mod file structurize-1.18.2-1.0.399-RELEASE.jar of type MOD with locator {mods folder locator at C:\Users\matth\curseforge\minecraft\Instances\powdercraft (1)\mods}
[09:45:02] [main/INFO]: Found mod file supermartijn642configlib-1.1.3-forge-mc1.18.jar of type MOD with locator {mods folder locator at C:\Users\matth\curseforge\minecraft\Instances\powdercraft (1)\mods}
[09:45:02] [main/INFO]: Found mod file supermartijn642corelib-1.0.18-forge-mc1.18.jar of type MOD with locator {mods folder locator at C:\Users\matth\curseforge\minecraft\Instances\powdercraft (1)\mods}
[09:45:02] [main/INFO]: Found mod file supplementaries-1.18.2-1.4.3.jar of type MOD with locator {mods folder locator at C:\Users\matth\curseforge\minecraft\Instances\powdercraft (1)\mods}
[09:45:02] [main/INFO]: Found mod file TerraBlender-forge-1.18.2-1.1.0.102.jar of type MOD with locator {mods folder locator at C:\Users\matth\curseforge\minecraft\Instances\powdercraft (1)\mods}
[09:45:02] [main/INFO]: Found mod file theoneprobe-1.18-5.1.0.jar of type MOD with locator {mods folder locator at C:\Users\matth\curseforge\minecraft\Instances\powdercraft (1)\mods}
[09:45:02] [main/INFO]: Found mod file thermal_cultivation-1.18.2-1.6.1.9.jar of type MOD with locator {mods folder locator at C:\Users\matth\curseforge\minecraft\Instances\powdercraft (1)\mods}
[09:45:02] [main/INFO]: Found mod file thermal_expansion-1.18.2-1.6.1.11.jar of type MOD with locator {mods folder locator at C:\Users\matth\curseforge\minecraft\Instances\powdercraft (1)\mods}
[09:45:02] [main/INFO]: Found mod file thermal_foundation-1.18.2-1.6.2.27.jar of type MOD with locator {mods folder locator at C:\Users\matth\curseforge\minecraft\Instances\powdercraft (1)\mods}
[09:45:02] [main/INFO]: Found mod file thermal_innovation-1.18.2-1.6.1.10.jar of type MOD with locator {mods folder locator at C:\Users\matth\curseforge\minecraft\Instances\powdercraft (1)\mods}
[09:45:02] [main/INFO]: Found mod file titanium-1.18.2-3.5.6-38.jar of type MOD with locator {mods folder locator at C:\Users\matth\curseforge\minecraft\Instances\powdercraft (1)\mods}
[09:45:02] [main/INFO]: Found mod file torchmaster-18.1.0.jar of type MOD with locator {mods folder locator at C:\Users\matth\curseforge\minecraft\Instances\powdercraft (1)\mods}
[09:45:02] [main/INFO]: Found mod file trashcans-1.0.15-forge-mc1.18.jar of type MOD with locator {mods folder locator at C:\Users\matth\curseforge\minecraft\Instances\powdercraft (1)\mods}
[09:45:02] [main/INFO]: Found mod file twilightforest-1.18.2-4.1.1096-universal.jar of type MOD with locator {mods folder locator at C:\Users\matth\curseforge\minecraft\Instances\powdercraft (1)\mods}
[09:45:02] [main/INFO]: Found mod file universalgrid-1.18.2-1.0321.jar of type MOD with locator {mods folder locator at C:\Users\matth\curseforge\minecraft\Instances\powdercraft (1)\mods}
[09:45:02] [main/INFO]: Found mod file upgradedcore-1.18.2-3.2.0.0-release.jar of type MOD with locator {mods folder locator at C:\Users\matth\curseforge\minecraft\Instances\powdercraft (1)\mods}
[09:45:02] [main/INFO]: Found mod file upgradednetherite-1.18.2-4.2.0.6-release.jar of type MOD with locator {mods folder locator at C:\Users\matth\curseforge\minecraft\Instances\powdercraft (1)\mods}
[09:45:02] [main/INFO]: Found mod file valhelsia_core-1.18.2-0.3.1.jar of type MOD with locator {mods folder locator at C:\Users\matth\curseforge\minecraft\Instances\powdercraft (1)\mods}
[09:45:02] [main/INFO]: Found mod file VampiresNeedUmbrellas-1.18.2-1.0.jar of type MOD with locator {mods folder locator at C:\Users\matth\curseforge\minecraft\Instances\powdercraft (1)\mods}
[09:45:02] [main/INFO]: Found mod file Vampirism-1.18.2-1.8.2.jar of type MOD with locator {mods folder locator at C:\Users\matth\curseforge\minecraft\Instances\powdercraft (1)\mods}
[09:45:02] [main/INFO]: Found mod file waystones-forge-1.18.2-10.0.0.jar of type MOD with locator {mods folder locator at C:\Users\matth\curseforge\minecraft\Instances\powdercraft (1)\mods}
[09:45:02] [main/INFO]: Found mod file Werewolves-1.18.2-1.8-0.6.1.jar of type MOD with locator {mods folder locator at C:\Users\matth\curseforge\minecraft\Instances\powdercraft (1)\mods}
[09:45:02] [main/INFO]: Found mod file WitherSkeletonTweaks-1.18.2-7.1.2.jar of type MOD with locator {mods folder locator at C:\Users\matth\curseforge\minecraft\Instances\powdercraft (1)\mods}
[09:45:02] [main/INFO]: Found mod file xnet-1.18-4.0.5.jar of type MOD with locator {mods folder locator at C:\Users\matth\curseforge\minecraft\Instances\powdercraft (1)\mods}
[09:45:02] [main/INFO]: Found mod file ZeroCore2-1.18.2-2.1.17.jar of type MOD with locator {mods folder locator at C:\Users\matth\curseforge\minecraft\Instances\powdercraft (1)\mods}
[09:45:02] [main/INFO]: Found mod file fmlcore-1.18.2-40.1.0.jar of type LIBRARY with locator net.minecraftforge.fml.loading.moddiscovery.MinecraftLocator@3abd581e
[09:45:02] [main/INFO]: Found mod file javafmllanguage-1.18.2-40.1.0.jar of type LANGPROVIDER with locator net.minecraftforge.fml.loading.moddiscovery.MinecraftLocator@3abd581e
[09:45:02] [main/INFO]: Found mod file mclanguage-1.18.2-40.1.0.jar of type LANGPROVIDER with locator net.minecraftforge.fml.loading.moddiscovery.MinecraftLocator@3abd581e
[09:45:02] [main/INFO]: Found mod file client-1.18.2-20220404.173914-srg.jar of type MOD with locator net.minecraftforge.fml.loading.moddiscovery.MinecraftLocator@3abd581e
[09:45:02] [main/INFO]: Found mod file forge-1.18.2-40.1.0-universal.jar of type MOD with locator net.minecraftforge.fml.loading.moddiscovery.MinecraftLocator@3abd581e
[09:45:02] [main/ERROR]: Missing mandatory dependencies: forge, forge, forge, forge, forge, forge, forge, forge
[09:45:02] [main/ERROR]: Unsupported installed optional dependencies: jei, jei, jei
[09:45:04] [main/INFO]: Compatibility level set to JAVA_17
[09:45:04] [main/INFO]: Successfully loaded Mixin Connector [shetiphian.core.mixins.MixinConnector]
[09:45:04] [main/INFO]: Launching target 'forgeclient' with arguments [--version, forge-40.1.0, --gameDir, C:\Users\matth\curseforge\minecraft\Instances\powdercraft (1), --assetsDir, C:\Users\matth\curseforge\minecraft\Install\assets, --uuid, 753f26efc96448dca91952db6974aa80, --username, dixieland_, --assetIndex, 1.18, --accessToken, ????????, --clientId, ODk2ZWFlYzEtNThmMS00NTg0LWIzZTQtZjFiNDc4YWVmNDM3, --xuid, 2535462406255551, --userType, msa, --versionType, release, --width, 1024, --height, 768]
[09:45:04] [main/WARN]: Reference map 'compactmachines.refmap.json' for compactmachines.mixin.json could not be read. If this is a development environment you can ignore this message
[09:45:04] [main/WARN]: Reference map 'createdeco.refmap.json' for createdeco.mixins.json could not be read. If this is a development environment you can ignore this message
[09:45:04] [main/WARN]: Reference map 'universalgrid.refmap.json' for universalgrid.mixins.json could not be read. If this is a development environment you can ignore this message
[09:45:10] [pool-3-thread-1/WARN]: Method overwrite conflict for getHiddenEffect in werewolves.mixins.json:MobEffectInstanceAccessor, previously written by de.teamlapen.vampirism.mixin.MixinEffectInstance. Skipping method.
[09:45:11] [Render thread/WARN]: Assets URL 'union:/C:/Users/matth/curseforge/minecraft/Install/libraries/net/minecraft/client/1.18.2-20220404.173914/client-1.18.2-20220404.173914-srg.jar%23190!/assets/.mcassetsroot' uses unexpected schema
[09:45:11] [Render thread/WARN]: Assets URL 'union:/C:/Users/matth/curseforge/minecraft/Install/libraries/net/minecraft/client/1.18.2-20220404.173914/client-1.18.2-20220404.173914-srg.jar%23190!/data/.mcassetsroot' uses unexpected schema
[09:45:11] [Render thread/INFO]: Environment: authHost='https://authserver.mojang.com', accountsHost='https://api.mojang.com', sessionHost='https://sessionserver.mojang.com', servicesHost='https://api.minecraftservices.com', name='PROD'
[09:45:12] [Render thread/INFO]: Setting user: dixieland_
[09:45:12] [Render thread/INFO]: Backend library: LWJGL version 3.2.2 SNAPSHOT
[09:45:14] [Render thread/FATAL]: Error during pre-loading phase
net.minecraftforge.fml.ModLoadingException: Mod §ebotania§r requires §6forge§r §o40.1.19 or above§r
§7Currently, §6forge§r§7 is §o40.1.0
	at net.minecraftforge.fml.ModLoadingException.lambda$fromEarlyException$0(ModLoadingException.java:50) ~[fmlcore-1.18.2-40.1.0.jar%23191!/:?]
	at java.util.stream.ReferencePipeline$3$1.accept(ReferencePipeline.java:197) ~[?:?]
	at java.util.AbstractList$RandomAccessSpliterator.forEachRemaining(AbstractList.java:720) ~[?:?]
	at java.util.stream.AbstractPipeline.copyInto(AbstractPipeline.java:509) ~[?:?]
	at java.util.stream.AbstractPipeline.wrapAndCopyInto(AbstractPipeline.java:499) ~[?:?]
	at java.util.stream.ForEachOps$ForEachOp.evaluateSequential(ForEachOps.java:150) ~[?:?]
	at java.util.stream.ForEachOps$ForEachOp$OfRef.evaluateSequential(ForEachOps.java:173) ~[?:?]
	at java.util.stream.AbstractPipeline.evaluate(AbstractPipeline.java:234) ~[?:?]
	at java.util.stream.ReferencePipeline.forEach(ReferencePipeline.java:596) ~[?:?]
	at java.util.stream.ReferencePipeline$7$1.accept(ReferencePipeline.java:276) ~[?:?]
	at java.util.ArrayList$ArrayListSpliterator.forEachRemaining(ArrayList.java:1625) ~[?:?]
	at java.util.stream.AbstractPipeline.copyInto(AbstractPipeline.java:509) ~[?:?]
	at java.util.stream.AbstractPipeline.wrapAndCopyInto(AbstractPipeline.java:499) ~[?:?]
	at java.util.stream.ReduceOps$ReduceOp.evaluateSequential(ReduceOps.java:921) ~[?:?]
	at java.util.stream.AbstractPipeline.evaluate(AbstractPipeline.java:234) ~[?:?]
	at java.util.stream.ReferencePipeline.collect(ReferencePipeline.java:682) ~[?:?]
	at net.minecraftforge.fml.ModLoader.<init>(ModLoader.java:94) ~[fmlcore-1.18.2-40.1.0.jar%23191!/:?]
	at net.minecraftforge.fml.ModLoader.get(ModLoader.java:126) ~[fmlcore-1.18.2-40.1.0.jar%23191!/:?]
	at net.minecraftforge.client.loading.ClientModLoader.lambda$begin$1(ClientModLoader.java:92) ~[forge-1.18.2-40.1.0-universal.jar%23194!/:?]
	at net.minecraftforge.client.loading.ClientModLoader.lambda$createRunnableWithCatch$4(ClientModLoader.java:113) ~[forge-1.18.2-40.1.0-universal.jar%23194!/:?]
	at net.minecraftforge.client.loading.ClientModLoader.begin(ClientModLoader.java:92) ~[forge-1.18.2-40.1.0-universal.jar%23194!/:?]
	at net.minecraft.client.Minecraft.<init>(Minecraft.java:458) ~[client-1.18.2-20220404.173914-srg.jar%23190!/:?]
	at net.minecraft.client.main.Main.main(Main.java:169) ~[client-1.18.2-20220404.173914-srg.jar%23190!/:?]
	at jdk.internal.reflect.NativeMethodAccessorImpl.invoke0(Native Method) ~[?:?]
	at jdk.internal.reflect.NativeMethodAccessorImpl.invoke(NativeMethodAccessorImpl.java:77) ~[?:?]
	at jdk.internal.reflect.DelegatingMethodAccessorImpl.invoke(DelegatingMethodAccessorImpl.java:43) ~[?:?]
	at java.lang.reflect.Method.invoke(Method.java:568) ~[?:?]
	at net.minecraftforge.fml.loading.targets.CommonClientLaunchHandler.lambda$launchService$0(CommonClientLaunchHandler.java:31) ~[fmlloader-1.18.2-40.1.0.jar%2316!/:?]
	at cpw.mods.modlauncher.LaunchServiceHandlerDecorator.launch(LaunchServiceHandlerDecorator.java:37) [modlauncher-9.1.3.jar%235!/:?]
	at cpw.mods.modlauncher.LaunchServiceHandler.launch(LaunchServiceHandler.java:53) [modlauncher-9.1.3.jar%235!/:?]
	at cpw.mods.modlauncher.LaunchServiceHandler.launch(LaunchServiceHandler.java:71) [modlauncher-9.1.3.jar%235!/:?]
	at cpw.mods.modlauncher.Launcher.run(Launcher.java:106) [modlauncher-9.1.3.jar%235!/:?]
	at cpw.mods.modlauncher.Launcher.main(Launcher.java:77) [modlauncher-9.1.3.jar%235!/:?]
	at cpw.mods.modlauncher.BootstrapLaunchConsumer.accept(BootstrapLaunchConsumer.java:26) [modlauncher-9.1.3.jar%235!/:?]
	at cpw.mods.modlauncher.BootstrapLaunchConsumer.accept(BootstrapLaunchConsumer.java:23) [modlauncher-9.1.3.jar%235!/:?]
	at cpw.mods.bootstraplauncher.BootstrapLauncher.main(BootstrapLauncher.java:149) [bootstraplauncher-1.0.0.jar:?]
[09:45:15] [Render thread/ERROR]: Cowardly refusing to send event net.minecraftforge.client.event.sound.SoundLoadEvent to a broken mod state
[09:45:15] [Render thread/ERROR]: Cowardly refusing to send event net.minecraftforge.client.event.ColorHandlerEvent$Block to a broken mod state
[09:45:15] [Render thread/ERROR]: Cowardly refusing to send event net.minecraftforge.client.event.ColorHandlerEvent$Item to a broken mod state
[09:45:16] [Render thread/ERROR]: Cowardly refusing to send event net.minecraftforge.client.event.ParticleFactoryRegisterEvent to a broken mod state
[09:45:16] [Render thread/INFO]: Narrator library for x64 successfully loaded
[09:45:16] [Render thread/ERROR]: Cowardly refusing to send event net.minecraftforge.client.event.RegisterClientReloadListenersEvent to a broken mod state
[09:45:16] [Render thread/ERROR]: Cowardly refusing to send event net.minecraftforge.client.event.EntityRenderersEvent$RegisterLayerDefinitions to a broken mod state
[09:45:16] [Render thread/ERROR]: Cowardly refusing to send event net.minecraftforge.client.event.EntityRenderersEvent$RegisterRenderers to a broken mod state
[09:45:16] [Render thread/INFO]: Reloading ResourceManager: Default
[09:45:17] [Worker-Main-16/ERROR]: Cowardly refusing to send event net.minecraftforge.client.event.ModelRegistryEvent to a broken mod state
[09:45:17] [Worker-Main-18/ERROR]: Cowardly refusing to send event net.minecraftforge.client.event.TextureStitchEvent$Pre to a broken mod state
[09:45:17] [Worker-Main-15/ERROR]: Cowardly refusing to send event net.minecraftforge.client.event.TextureStitchEvent$Pre to a broken mod state
[09:45:17] [Worker-Main-13/ERROR]: Cowardly refusing to send event net.minecraftforge.client.event.TextureStitchEvent$Pre to a broken mod state
[09:45:26] [Worker-Main-16/ERROR]: Cowardly refusing to send event net.minecraftforge.client.event.TextureStitchEvent$Pre to a broken mod state
[09:45:27] [Worker-Main-16/ERROR]: Cowardly refusing to send event net.minecraftforge.client.event.TextureStitchEvent$Pre to a broken mod state
[09:45:27] [Worker-Main-16/ERROR]: Cowardly refusing to send event net.minecraftforge.client.event.TextureStitchEvent$Pre to a broken mod state
[09:45:27] [Worker-Main-16/ERROR]: Cowardly refusing to send event net.minecraftforge.client.event.TextureStitchEvent$Pre to a broken mod state
[09:45:27] [Worker-Main-16/ERROR]: Cowardly refusing to send event net.minecraftforge.client.event.TextureStitchEvent$Pre to a broken mod state
[09:45:27] [Worker-Main-16/ERROR]: Cowardly refusing to send event net.minecraftforge.client.event.TextureStitchEvent$Pre to a broken mod state
[09:45:27] [Worker-Main-16/ERROR]: Cowardly refusing to send event net.minecraftforge.client.event.TextureStitchEvent$Pre to a broken mod state
[09:45:27] [Render thread/INFO]: OpenAL initialized on device OpenAL Soft on Headset Earphone (HyperX Virtual Surround Sound)
[09:45:27] [Render thread/INFO]: Sound engine started
[09:45:28] [Render thread/INFO]: Created: 1024x512x4 minecraft:textures/atlas/blocks.png-atlas
[09:45:28] [Render thread/ERROR]: Cowardly refusing to send event net.minecraftforge.client.event.TextureStitchEvent$Post to a broken mod state
[09:45:28] [Render thread/INFO]: Created: 256x128x4 minecraft:textures/atlas/signs.png-atlas
[09:45:28] [Render thread/ERROR]: Cowardly refusing to send event net.minecraftforge.client.event.TextureStitchEvent$Post to a broken mod state
[09:45:28] [Render thread/INFO]: Created: 512x512x4 minecraft:textures/atlas/banner_patterns.png-atlas
[09:45:28] [Render thread/ERROR]: Cowardly refusing to send event net.minecraftforge.client.event.TextureStitchEvent$Post to a broken mod state
[09:45:28] [Render thread/INFO]: Created: 512x512x4 minecraft:textures/atlas/shield_patterns.png-atlas
[09:45:28] [Render thread/ERROR]: Cowardly refusing to send event net.minecraftforge.client.event.TextureStitchEvent$Post to a broken mod state
[09:45:28] [Render thread/INFO]: Created: 256x256x4 minecraft:textures/atlas/chest.png-atlas
[09:45:28] [Render thread/ERROR]: Cowardly refusing to send event net.minecraftforge.client.event.TextureStitchEvent$Post to a broken mod state
[09:45:28] [Render thread/INFO]: Created: 512x256x4 minecraft:textures/atlas/beds.png-atlas
[09:45:28] [Render thread/ERROR]: Cowardly refusing to send event net.minecraftforge.client.event.TextureStitchEvent$Post to a broken mod state
[09:45:28] [Render thread/INFO]: Created: 512x256x4 minecraft:textures/atlas/shulker_boxes.png-atlas
[09:45:28] [Render thread/ERROR]: Cowardly refusing to send event net.minecraftforge.client.event.TextureStitchEvent$Post to a broken mod state
[09:45:28] [Render thread/ERROR]: Cowardly refusing to send event net.minecraftforge.client.event.ModelBakeEvent to a broken mod state
[09:45:28] [Render thread/ERROR]: Cowardly refusing to send event net.minecraftforge.client.event.EntityRenderersEvent$CreateSkullModels to a broken mod state
[09:45:28] [Render thread/ERROR]: Cowardly refusing to send event net.minecraftforge.client.event.EntityRenderersEvent$CreateSkullModels to a broken mod state
[09:45:28] [Render thread/ERROR]: Cowardly refusing to send event net.minecraftforge.client.event.EntityRenderersEvent$CreateSkullModels to a broken mod state
[09:45:28] [Render thread/ERROR]: Cowardly refusing to send event net.minecraftforge.client.event.EntityRenderersEvent$CreateSkullModels to a broken mod state
[09:45:28] [Render thread/ERROR]: Cowardly refusing to send event net.minecraftforge.client.event.EntityRenderersEvent$CreateSkullModels to a broken mod state
[09:45:28] [Render thread/ERROR]: Cowardly refusing to send event net.minecraftforge.client.event.EntityRenderersEvent$CreateSkullModels to a broken mod state
[09:45:28] [Render thread/ERROR]: Cowardly refusing to send event net.minecraftforge.client.event.EntityRenderersEvent$CreateSkullModels to a broken mod state
[09:45:28] [Render thread/ERROR]: Cowardly refusing to send event net.minecraftforge.client.event.EntityRenderersEvent$CreateSkullModels to a broken mod state
[09:45:28] [Render thread/ERROR]: Cowardly refusing to send event net.minecraftforge.client.event.EntityRenderersEvent$CreateSkullModels to a broken mod state
[09:45:28] [Render thread/ERROR]: Cowardly refusing to send event net.minecraftforge.client.event.EntityRenderersEvent$CreateSkullModels to a broken mod state
[09:45:28] [Render thread/ERROR]: Cowardly refusing to send event net.minecraftforge.client.event.EntityRenderersEvent$CreateSkullModels to a broken mod state
[09:45:28] [Render thread/ERROR]: Cowardly refusing to send event net.minecraftforge.client.event.EntityRenderersEvent$CreateSkullModels to a broken mod state
[09:45:28] [Render thread/ERROR]: Cowardly refusing to send event net.minecraftforge.client.event.EntityRenderersEvent$CreateSkullModels to a broken mod state
[09:45:28] [Render thread/ERROR]: Cowardly refusing to send event net.minecraftforge.client.event.EntityRenderersEvent$CreateSkullModels to a broken mod state
[09:45:28] [Render thread/ERROR]: Cowardly refusing to send event net.minecraftforge.client.event.EntityRenderersEvent$CreateSkullModels to a broken mod state
[09:45:28] [Render thread/ERROR]: Cowardly refusing to send event net.minecraftforge.client.event.EntityRenderersEvent$CreateSkullModels to a broken mod state
[09:45:28] [Render thread/ERROR]: Cowardly refusing to send event net.minecraftforge.client.event.EntityRenderersEvent$CreateSkullModels to a broken mod state
[09:45:28] [Render thread/ERROR]: Cowardly refusing to send event net.minecraftforge.client.event.EntityRenderersEvent$CreateSkullModels to a broken mod state
[09:45:28] [Render thread/ERROR]: Cowardly refusing to send event net.minecraftforge.client.event.EntityRenderersEvent$CreateSkullModels to a broken mod state
[09:45:28] [Render thread/ERROR]: Cowardly refusing to send event net.minecraftforge.client.event.EntityRenderersEvent$CreateSkullModels to a broken mod state
[09:45:29] [Render thread/ERROR]: Reported exception thrown!
net.minecraft.ReportedException: Rendering overlay
	at net.minecraft.client.renderer.GameRenderer.m_109093_(GameRenderer.java:884) ~[client-1.18.2-20220404.173914-srg.jar%23190!/:?]
	at net.minecraft.client.Minecraft.m_91383_(Minecraft.java:1044) ~[client-1.18.2-20220404.173914-srg.jar%23190!/:?]
	at net.minecraft.client.Minecraft.m_91374_(Minecraft.java:663) ~[client-1.18.2-20220404.173914-srg.jar%23190!/:?]
	at net.minecraft.client.main.Main.main(Main.java:205) ~[client-1.18.2-20220404.173914-srg.jar%23190!/:?]
	at jdk.internal.reflect.NativeMethodAccessorImpl.invoke0(Native Method) ~[?:?]
	at jdk.internal.reflect.NativeMethodAccessorImpl.invoke(NativeMethodAccessorImpl.java:77) ~[?:?]
	at jdk.internal.reflect.DelegatingMethodAccessorImpl.invoke(DelegatingMethodAccessorImpl.java:43) ~[?:?]
	at java.lang.reflect.Method.invoke(Method.java:568) ~[?:?]
	at net.minecraftforge.fml.loading.targets.CommonClientLaunchHandler.lambda$launchService$0(CommonClientLaunchHandler.java:31) ~[fmlloader-1.18.2-40.1.0.jar%2316!/:?]
	at cpw.mods.modlauncher.LaunchServiceHandlerDecorator.launch(LaunchServiceHandlerDecorator.java:37) [modlauncher-9.1.3.jar%235!/:?]
	at cpw.mods.modlauncher.LaunchServiceHandler.launch(LaunchServiceHandler.java:53) [modlauncher-9.1.3.jar%235!/:?]
	at cpw.mods.modlauncher.LaunchServiceHandler.launch(LaunchServiceHandler.java:71) [modlauncher-9.1.3.jar%235!/:?]
	at cpw.mods.modlauncher.Launcher.run(Launcher.java:106) [modlauncher-9.1.3.jar%235!/:?]
	at cpw.mods.modlauncher.Launcher.main(Launcher.java:77) [modlauncher-9.1.3.jar%235!/:?]
	at cpw.mods.modlauncher.BootstrapLaunchConsumer.accept(BootstrapLaunchConsumer.java:26) [modlauncher-9.1.3.jar%235!/:?]
	at cpw.mods.modlauncher.BootstrapLaunchConsumer.accept(BootstrapLaunchConsumer.java:23) [modlauncher-9.1.3.jar%235!/:?]
	at cpw.mods.bootstraplauncher.BootstrapLauncher.main(BootstrapLauncher.java:149) [bootstraplauncher-1.0.0.jar:?]
Caused by: java.lang.IncompatibleClassChangeError: class de.teamlapen.werewolves.client.model.geom.InvisibleModelPart cannot inherit from final class net.minecraft.client.model.geom.ModelPart
	at java.lang.ClassLoader.defineClass1(Native Method) ~[?:?]
	at java.lang.ClassLoader.defineClass(ClassLoader.java:1012) ~[?:?]
	at cpw.mods.cl.ModuleClassLoader.readerToClass(ModuleClassLoader.java:116) ~[securejarhandler-1.0.3.jar:?]
	at cpw.mods.cl.ModuleClassLoader.lambda$findClass$16(ModuleClassLoader.java:216) ~[securejarhandler-1.0.3.jar:?]
	at cpw.mods.cl.ModuleClassLoader.loadFromModule(ModuleClassLoader.java:226) ~[securejarhandler-1.0.3.jar:?]
	at cpw.mods.cl.ModuleClassLoader.findClass(ModuleClassLoader.java:216) ~[securejarhandler-1.0.3.jar:?]
	at cpw.mods.cl.ModuleClassLoader.loadClass(ModuleClassLoader.java:132) ~[securejarhandler-1.0.3.jar:?]
	at java.lang.ClassLoader.loadClass(ClassLoader.java:520) ~[?:?]
	at de.teamlapen.werewolves.client.render.BaseWerewolfRenderer.<init>(BaseWerewolfRenderer.java:51) ~[Werewolves-1.18.2-1.8-0.6.1.jar%23186!/:0.6.1]
	at de.teamlapen.werewolves.client.render.WerewolfPlayerRenderer.<init>(WerewolfPlayerRenderer.java:31) ~[Werewolves-1.18.2-1.8-0.6.1.jar%23186!/:0.6.1]
	at de.teamlapen.werewolves.client.core.ModEntityRenderer.updateRenderer(ModEntityRenderer.java:14) ~[Werewolves-1.18.2-1.8-0.6.1.jar%23186!/:0.6.1]
	at net.minecraft.client.renderer.entity.EntityRenderers.handler$bce000$createWerewolfRenderer(EntityRenderers.java:519) ~[client-1.18.2-20220404.173914-srg.jar%23190!/:?]
	at net.minecraft.client.renderer.entity.EntityRenderers.m_174051_(EntityRenderers.java) ~[client-1.18.2-20220404.173914-srg.jar%23190!/:?]
	at net.minecraft.client.renderer.entity.EntityRenderDispatcher.m_6213_(EntityRenderDispatcher.java:334) ~[client-1.18.2-20220404.173914-srg.jar%23190!/:?]
	at net.minecraft.server.packs.resources.ResourceManagerReloadListener.m_10759_(ResourceManagerReloadListener.java:15) ~[client-1.18.2-20220404.173914-srg.jar%23190!/:?]
	at java.util.concurrent.CompletableFuture$UniRun.tryFire(CompletableFuture.java:787) ~[?:?]
	at java.util.concurrent.CompletableFuture$Completion.run(CompletableFuture.java:482) ~[?:?]
	at net.minecraft.server.packs.resources.SimpleReloadInstance.m_143940_(SimpleReloadInstance.java:69) ~[client-1.18.2-20220404.173914-srg.jar%23190!/:?]
	at net.minecraft.util.thread.BlockableEventLoop.execute(BlockableEventLoop.java:103) ~[client-1.18.2-20220404.173914-srg.jar%23190!/:?]
	at net.minecraft.server.packs.resources.SimpleReloadInstance.m_10834_(SimpleReloadInstance.java:68) ~[client-1.18.2-20220404.173914-srg.jar%23190!/:?]
	at java.util.concurrent.CompletableFuture$UniCompletion.claim(CompletableFuture.java:572) ~[?:?]
	at java.util.concurrent.CompletableFuture$UniRun.tryFire(CompletableFuture.java:784) ~[?:?]
	at java.util.concurrent.CompletableFuture.postComplete(CompletableFuture.java:510) ~[?:?]
	at java.util.concurrent.CompletableFuture.postFire(CompletableFuture.java:614) ~[?:?]
	at java.util.concurrent.CompletableFuture$UniRun.tryFire(CompletableFuture.java:795) ~[?:?]
	at java.util.concurrent.CompletableFuture$Completion.run(CompletableFuture.java:482) ~[?:?]
	at net.minecraft.server.packs.resources.SimpleReloadInstance.m_143940_(SimpleReloadInstance.java:69) ~[client-1.18.2-20220404.173914-srg.jar%23190!/:?]
	at net.minecraft.util.thread.BlockableEventLoop.execute(BlockableEventLoop.java:103) ~[client-1.18.2-20220404.173914-srg.jar%23190!/:?]
	at net.minecraft.server.packs.resources.SimpleReloadInstance.m_10834_(SimpleReloadInstance.java:68) ~[client-1.18.2-20220404.173914-srg.jar%23190!/:?]
	at java.util.concurrent.CompletableFuture$UniCompletion.claim(CompletableFuture.java:572) ~[?:?]
	at java.util.concurrent.CompletableFuture$UniRun.tryFire(CompletableFuture.java:784) ~[?:?]
	at java.util.concurrent.CompletableFuture.postComplete(CompletableFuture.java:510) ~[?:?]
	at java.util.concurrent.CompletableFuture.postFire(CompletableFuture.java:614) ~[?:?]
	at java.util.concurrent.CompletableFuture$UniRun.tryFire(CompletableFuture.java:795) ~[?:?]
	at java.util.concurrent.CompletableFuture$Completion.run(CompletableFuture.java:482) ~[?:?]
	at net.minecraft.server.packs.resources.SimpleReloadInstance.m_143940_(SimpleReloadInstance.java:69) ~[client-1.18.2-20220404.173914-srg.jar%23190!/:?]
	at net.minecraft.util.thread.BlockableEventLoop.execute(BlockableEventLoop.java:103) ~[client-1.18.2-20220404.173914-srg.jar%23190!/:?]
	at net.minecraft.server.packs.resources.SimpleReloadInstance.m_10834_(SimpleReloadInstance.java:68) ~[client-1.18.2-20220404.173914-srg.jar%23190!/:?]
	at java.util.concurrent.CompletableFuture$UniCompletion.claim(CompletableFuture.java:572) ~[?:?]
	at java.util.concurrent.CompletableFuture$UniRun.tryFire(CompletableFuture.java:784) ~[?:?]
	at java.util.concurrent.CompletableFuture.postComplete(CompletableFuture.java:510) ~[?:?]
	at java.util.concurrent.CompletableFuture.postFire(CompletableFuture.java:614) ~[?:?]
	at java.util.concurrent.CompletableFuture$UniRun.tryFire(CompletableFuture.java:795) ~[?:?]
	at java.util.concurrent.CompletableFuture$Completion.run(CompletableFuture.java:482) ~[?:?]
	at net.minecraft.server.packs.resources.SimpleReloadInstance.m_143940_(SimpleReloadInstance.java:69) ~[client-1.18.2-20220404.173914-srg.jar%23190!/:?]
	at net.minecraft.util.thread.BlockableEventLoop.execute(BlockableEventLoop.java:103) ~[client-1.18.2-20220404.173914-srg.jar%23190!/:?]
	at net.minecraft.server.packs.resources.SimpleReloadInstance.m_10834_(SimpleReloadInstance.java:68) ~[client-1.18.2-20220404.173914-srg.jar%23190!/:?]
	at java.util.concurrent.CompletableFuture$UniCompletion.claim(CompletableFuture.java:572) ~[?:?]
	at java.util.concurrent.CompletableFuture$UniRun.tryFire(CompletableFuture.java:784) ~[?:?]
	at java.util.concurrent.CompletableFuture.postComplete(CompletableFuture.java:510) ~[?:?]
	at java.util.concurrent.CompletableFuture.postFire(CompletableFuture.java:614) ~[?:?]
	at java.util.concurrent.CompletableFuture$UniAccept.tryFire(CompletableFuture.java:726) ~[?:?]
	at java.util.concurrent.CompletableFuture$Completion.run(CompletableFuture.java:482) ~[?:?]
	at net.minecraft.server.packs.resources.SimpleReloadInstance.m_143940_(SimpleReloadInstance.java:69) ~[client-1.18.2-20220404.173914-srg.jar%23190!/:?]
	at net.minecraft.util.thread.BlockableEventLoop.execute(BlockableEventLoop.java:103) ~[client-1.18.2-20220404.173914-srg.jar%23190!/:?]
	at net.minecraft.server.packs.resources.SimpleReloadInstance.m_10834_(SimpleReloadInstance.java:68) ~[client-1.18.2-20220404.173914-srg.jar%23190!/:?]
	at java.util.concurrent.CompletableFuture$UniCompletion.claim(CompletableFuture.java:572) ~[?:?]
	at java.util.concurrent.CompletableFuture$UniAccept.tryFire(CompletableFuture.java:714) ~[?:?]
	at java.util.concurrent.CompletableFuture.postComplete(CompletableFuture.java:510) ~[?:?]
	at java.util.concurrent.CompletableFuture.postFire(CompletableFuture.java:614) ~[?:?]
	at java.util.concurrent.CompletableFuture$UniAccept.tryFire(CompletableFuture.java:726) ~[?:?]
	at java.util.concurrent.CompletableFuture$Completion.run(CompletableFuture.java:482) ~[?:?]
	at net.minecraft.server.packs.resources.SimpleReloadInstance.m_143940_(SimpleReloadInstance.java:69) ~[client-1.18.2-20220404.173914-srg.jar%23190!/:?]
	at net.minecraft.util.thread.BlockableEventLoop.execute(BlockableEventLoop.java:103) ~[client-1.18.2-20220404.173914-srg.jar%23190!/:?]
	at net.minecraft.server.packs.resources.SimpleReloadInstance.m_10834_(SimpleReloadInstance.java:68) ~[client-1.18.2-20220404.173914-srg.jar%23190!/:?]
	at java.util.concurrent.CompletableFuture$UniCompletion.claim(CompletableFuture.java:572) ~[?:?]
	at java.util.concurrent.CompletableFuture$UniAccept.tryFire(CompletableFuture.java:714) ~[?:?]
	at java.util.concurrent.CompletableFuture.postComplete(CompletableFuture.java:510) ~[?:?]
	at java.util.concurrent.CompletableFuture.postFire(CompletableFuture.java:614) ~[?:?]
	at java.util.concurrent.CompletableFuture$UniAccept.tryFire(CompletableFuture.java:726) ~[?:?]
	at java.util.concurrent.CompletableFuture$Completion.run(CompletableFuture.java:482) ~[?:?]
	at net.minecraft.server.packs.resources.SimpleReloadInstance.m_143940_(SimpleReloadInstance.java:69) ~[client-1.18.2-20220404.173914-srg.jar%23190!/:?]
	at net.minecraft.util.thread.BlockableEventLoop.execute(BlockableEventLoop.java:103) ~[client-1.18.2-20220404.173914-srg.jar%23190!/:?]
	at net.minecraft.server.packs.resources.SimpleReloadInstance.m_10834_(SimpleReloadInstance.java:68) ~[client-1.18.2-20220404.173914-srg.jar%23190!/:?]
	at java.util.concurrent.CompletableFuture$UniCompletion.claim(CompletableFuture.java:572) ~[?:?]
	at java.util.concurrent.CompletableFuture$UniAccept.tryFire(CompletableFuture.java:714) ~[?:?]
	at java.util.concurrent.CompletableFuture.postComplete(CompletableFuture.java:510) ~[?:?]
	at java.util.concurrent.CompletableFuture.postFire(CompletableFuture.java:614) ~[?:?]
	at java.util.concurrent.CompletableFuture$UniAccept.tryFire(CompletableFuture.java:726) ~[?:?]
	at java.util.concurrent.CompletableFuture$Completion.run(CompletableFuture.java:482) ~[?:?]
	at net.minecraft.server.packs.resources.SimpleReloadInstance.m_143940_(SimpleReloadInstance.java:69) ~[client-1.18.2-20220404.173914-srg.jar%23190!/:?]
	at net.minecraft.util.thread.BlockableEventLoop.execute(BlockableEventLoop.java:103) ~[client-1.18.2-20220404.173914-srg.jar%23190!/:?]
	at net.minecraft.server.packs.resources.SimpleReloadInstance.m_10834_(SimpleReloadInstance.java:68) ~[client-1.18.2-20220404.173914-srg.jar%23190!/:?]
	at java.util.concurrent.CompletableFuture$UniCompletion.claim(CompletableFuture.java:572) ~[?:?]
	at java.util.concurrent.CompletableFuture$UniAccept.tryFire(CompletableFuture.java:714) ~[?:?]
	at java.util.concurrent.CompletableFuture.postComplete(CompletableFuture.java:510) ~[?:?]
	at java.util.concurrent.CompletableFuture.postFire(CompletableFuture.java:614) ~[?:?]
	at java.util.concurrent.CompletableFuture$UniAccept.tryFire(CompletableFuture.java:726) ~[?:?]
	at java.util.concurrent.CompletableFuture$Completion.run(CompletableFuture.java:482) ~[?:?]
	at net.minecraft.server.packs.resources.SimpleReloadInstance.m_143940_(SimpleReloadInstance.java:69) ~[client-1.18.2-20220404.173914-srg.jar%23190!/:?]
	at net.minecraft.util.thread.BlockableEventLoop.execute(BlockableEventLoop.java:103) ~[client-1.18.2-20220404.173914-srg.jar%23190!/:?]
	at net.minecraft.server.packs.resources.SimpleReloadInstance.m_10834_(SimpleReloadInstance.java:68) ~[client-1.18.2-20220404.173914-srg.jar%23190!/:?]
	at java.util.concurrent.CompletableFuture$UniCompletion.claim(CompletableFuture.java:572) ~[?:?]
	at java.util.concurrent.CompletableFuture$UniAccept.tryFire(CompletableFuture.java:714) ~[?:?]
	at java.util.concurrent.CompletableFuture.postComplete(CompletableFuture.java:510) ~[?:?]
	at java.util.concurrent.CompletableFuture.postFire(CompletableFuture.java:614) ~[?:?]
	at java.util.concurrent.CompletableFuture$UniAccept.tryFire(CompletableFuture.java:726) ~[?:?]
	at java.util.concurrent.CompletableFuture$Completion.run(CompletableFuture.java:482) ~[?:?]
	at net.minecraft.server.packs.resources.SimpleReloadInstance.m_143940_(SimpleReloadInstance.java:69) ~[client-1.18.2-20220404.173914-srg.jar%23190!/:?]
	at net.minecraft.util.thread.BlockableEventLoop.execute(BlockableEventLoop.java:103) ~[client-1.18.2-20220404.173914-srg.jar%23190!/:?]
	at net.minecraft.server.packs.resources.SimpleReloadInstance.m_10834_(SimpleReloadInstance.java:68) ~[client-1.18.2-20220404.173914-srg.jar%23190!/:?]
	at java.util.concurrent.CompletableFuture$UniCompletion.claim(CompletableFuture.java:572) ~[?:?]
	at java.util.concurrent.CompletableFuture$UniAccept.tryFire(CompletableFuture.java:714) ~[?:?]
	at java.util.concurrent.CompletableFuture.postComplete(CompletableFuture.java:510) ~[?:?]
	at java.util.concurrent.CompletableFuture.postFire(CompletableFuture.java:614) ~[?:?]
	at java.util.concurrent.CompletableFuture$UniAccept.tryFire(CompletableFuture.java:726) ~[?:?]
	at java.util.concurrent.CompletableFuture$Completion.run(CompletableFuture.java:482) ~[?:?]
	at com.mojang.blaze3d.systems.RenderSystem.m_69884_(RenderSystem.java:211) ~[client-1.18.2-20220404.173914-srg.jar%23190!/:?]
	at com.mojang.blaze3d.systems.RenderSystem.m_69495_(RenderSystem.java:198) ~[client-1.18.2-20220404.173914-srg.jar%23190!/:?]
	at com.mojang.blaze3d.platform.Window.m_85435_(Window.java:333) ~[client-1.18.2-20220404.173914-srg.jar%23190!/:?]
	at net.minecraft.client.Minecraft.m_91383_(Minecraft.java:1066) ~[client-1.18.2-20220404.173914-srg.jar%23190!/:?]
	... 15 more
